The system is: Windows - 10.0.22621 - AMD64
Compiling the C compiler identification source file "CMakeCCompilerId.c" succeeded.
Compiler: C:/Program Files/Microsoft Visual Studio/2022/Community/VC/Tools/MSVC/14.32.31326/bin/HostX64/x64/cl.exe 
Build flags: 
Id flags:  

The output was:
0
Microsoft (R) C/C++ Optimizing Compiler Version 19.32.31335 for x64
Copyright (C) Microsoft Corporation.  All rights reserved.

CMakeCCompilerId.c
Microsoft (R) Incremental Linker Version 14.32.31335.0
Copyright (C) Microsoft Corporation.  All rights reserved.

/out:CMakeCCompilerId.exe 
CMakeCCompilerId.obj 


Compilation of the C compiler identification source "CMakeCCompilerId.c" produced "CMakeCCompilerId.exe"

Compilation of the C compiler identification source "CMakeCCompilerId.c" produced "CMakeCCompilerId.obj"

The C compiler identification is MSVC, found in "C:/Users/nickobelic1999/CLionProjects/RTGame/out/build/x64-Debug/CMakeFiles/3.23.22060601-MSVC_2/CompilerIdC/CMakeCCompilerId.exe"

Compiling the CXX compiler identification source file "CMakeCXXCompilerId.cpp" succeeded.
Compiler: C:/Program Files/Microsoft Visual Studio/2022/Community/VC/Tools/MSVC/14.32.31326/bin/HostX64/x64/cl.exe 
Build flags: 
Id flags:  

The output was:
0
Microsoft (R) C/C++ Optimizing Compiler Version 19.32.31335 for x64
Copyright (C) Microsoft Corporation.  All rights reserved.

CMakeCXXCompilerId.cpp
Microsoft (R) Incremental Linker Version 14.32.31335.0
Copyright (C) Microsoft Corporation.  All rights reserved.

/out:CMakeCXXCompilerId.exe 
CMakeCXXCompilerId.obj 


Compilation of the CXX compiler identification source "CMakeCXXCompilerId.cpp" produced "CMakeCXXCompilerId.exe"

Compilation of the CXX compiler identification source "CMakeCXXCompilerId.cpp" produced "CMakeCXXCompilerId.obj"

The CXX compiler identification is MSVC, found in "C:/Users/nickobelic1999/CLionProjects/RTGame/out/build/x64-Debug/CMakeFiles/3.23.22060601-MSVC_2/CompilerIdCXX/CMakeCXXCompilerId.exe"

Detecting C compiler ABI info compiled with the following output:
Change Dir: C:/Users/nickobelic1999/CLionProjects/RTGame/out/build/x64-Debug/CMakeFiles/CMakeTmp

Run Build Command(s):C:/Program Files/Microsoft Visual Studio/2022/Community/Common7/IDE/CommonExtensions/Microsoft/CMake/Ninja/ninja.exe cmTC_6f9ec && [1/2] Building C object CMakeFiles\cmTC_6f9ec.dir\CMakeCCompilerABI.c.obj
[2/2] Linking C executable cmTC_6f9ec.exe



Detecting CXX compiler ABI info compiled with the following output:
Change Dir: C:/Users/nickobelic1999/CLionProjects/RTGame/out/build/x64-Debug/CMakeFiles/CMakeTmp

Run Build Command(s):C:/Program Files/Microsoft Visual Studio/2022/Community/Common7/IDE/CommonExtensions/Microsoft/CMake/Ninja/ninja.exe cmTC_f9403 && [1/2] Building CXX object CMakeFiles\cmTC_f9403.dir\CMakeCXXCompilerABI.cpp.obj
[2/2] Linking CXX executable cmTC_f9403.exe



Determining if the include file sys/types.h exists passed with the following output:
Change Dir: C:/Users/nickobelic1999/CLionProjects/RTGame/out/build/x64-Debug/CMakeFiles/CMakeTmp

Run Build Command(s):C:/Program Files/Microsoft Visual Studio/2022/Community/Common7/IDE/CommonExtensions/Microsoft/CMake/Ninja/ninja.exe cmTC_09de9 && [1/2] Building C object CMakeFiles\cmTC_09de9.dir\CheckIncludeFile.c.obj
[2/2] Linking C executable cmTC_09de9.exe



Determining if the include file stdint.h exists passed with the following output:
Change Dir: C:/Users/nickobelic1999/CLionProjects/RTGame/out/build/x64-Debug/CMakeFiles/CMakeTmp

Run Build Command(s):C:/Program Files/Microsoft Visual Studio/2022/Community/Common7/IDE/CommonExtensions/Microsoft/CMake/Ninja/ninja.exe cmTC_bd172 && [1/2] Building C object CMakeFiles\cmTC_bd172.dir\CheckIncludeFile.c.obj
[2/2] Linking C executable cmTC_bd172.exe



Determining if the include file stddef.h exists passed with the following output:
Change Dir: C:/Users/nickobelic1999/CLionProjects/RTGame/out/build/x64-Debug/CMakeFiles/CMakeTmp

Run Build Command(s):C:/Program Files/Microsoft Visual Studio/2022/Community/Common7/IDE/CommonExtensions/Microsoft/CMake/Ninja/ninja.exe cmTC_e9df1 && [1/2] Building C object CMakeFiles\cmTC_e9df1.dir\CheckIncludeFile.c.obj
[2/2] Linking C executable cmTC_e9df1.exe



Determining size of void* passed with the following output:
Change Dir: C:/Users/nickobelic1999/CLionProjects/RTGame/out/build/x64-Debug/CMakeFiles/CMakeTmp

Run Build Command(s):C:/Program Files/Microsoft Visual Studio/2022/Community/Common7/IDE/CommonExtensions/Microsoft/CMake/Ninja/ninja.exe cmTC_4b4b1 && [1/2] Building C object CMakeFiles\cmTC_4b4b1.dir\SIZEOF_VOID_PTR.c.obj
[2/2] Linking C executable cmTC_4b4b1.exe



